Jan-26 14:25:47.502 [main] DEBUG nextflow.cli.Launcher - $> nextflow run ../main.nf --multimodal_metadata_fp /Users/timbarry/research_offsite/projects/sceptre2/data/gasperini/at_scale/multimodal_metadata.rds --response_odm_fp /Users/timbarry/research_offsite/projects/sceptre2/data/gasperini/at_scale/gene/matrix.odm --grna_odm_fp /Users/timbarry/research_offsite/projects/sceptre2/data/gasperini/at_scale/grna_expression/matrix.odm --result_fp ~/sceptre_result_highmoi_example.rds --grna_modality_name grna_expression --response_modality_name gene --response_pod_size 5 --pair_pod_size 10 --n_pairs_to_sample 20 --result_fp ~/sceptre_result_highmoi_example.rds
Jan-26 14:25:47.614 [main] INFO  nextflow.cli.CmdRun - N E X T F L O W  ~  version 22.04.3
Jan-26 14:25:47.632 [main] DEBUG nextflow.config.ConfigBuilder - Found config home: /Users/timbarry/.nextflow/config
Jan-26 14:25:47.634 [main] DEBUG nextflow.config.ConfigBuilder - Parsing config file: /Users/timbarry/.nextflow/config
Jan-26 14:25:47.660 [main] DEBUG nextflow.config.ConfigBuilder - Applying config profile: `standard`
Jan-26 14:25:48.392 [main] DEBUG nextflow.cli.CmdRun - Applied DSL=2 from script declararion
Jan-26 14:25:48.410 [main] INFO  nextflow.cli.CmdRun - Launching `../main.nf` [lethal_lavoisier] DSL2 - revision: dbb060b46b
Jan-26 14:25:48.424 [main] DEBUG nextflow.plugin.PluginsFacade - Setting up plugin manager > mode=prod; plugins-dir=/Users/timbarry/.nextflow/plugins; core-plugins: nf-amazon@1.7.2,nf-azure@0.13.2,nf-console@1.0.3,nf-ga4gh@1.0.3,nf-google@1.1.4,nf-sqldb@0.4.0,nf-tower@1.4.0
Jan-26 14:25:48.426 [main] DEBUG nextflow.plugin.PluginsFacade - Plugins default=[]
Jan-26 14:25:48.437 [main] INFO  org.pf4j.DefaultPluginStatusProvider - Enabled plugins: []
Jan-26 14:25:48.438 [main] INFO  org.pf4j.DefaultPluginStatusProvider - Disabled plugins: []
Jan-26 14:25:48.442 [main] INFO  org.pf4j.DefaultPluginManager - PF4J version 3.4.1 in 'deployment' mode
Jan-26 14:25:48.455 [main] INFO  org.pf4j.AbstractPluginManager - No plugins
Jan-26 14:25:48.517 [main] DEBUG nextflow.Session - Session uuid: 926867b2-26fb-42f0-a3df-83a4147946f5
Jan-26 14:25:48.517 [main] DEBUG nextflow.Session - Run name: lethal_lavoisier
Jan-26 14:25:48.518 [main] DEBUG nextflow.Session - Executor pool size: 8
Jan-26 14:25:48.550 [main] DEBUG nextflow.cli.CmdRun - 
  Version: 22.04.3 build 5703
  Created: 18-05-2022 19:22 UTC (15:22 EDT)
  System: Mac OS X 10.16
  Runtime: Groovy 3.0.10 on OpenJDK 64-Bit Server VM 1.8.0_242-b08
  Encoding: UTF-8 (UTF-8)
  Process: 81146@tims-mbp-2021.wifi.local.cmu.edu [172.26.66.166]
  CPUs: 8 - Mem: 16 GB (2.3 GB) - Swap: 1 GB (968.5 MB)
Jan-26 14:25:48.570 [main] DEBUG nextflow.Session - Work-dir: /Users/timbarry/research_offsite/work [Mac OS X]
Jan-26 14:25:48.590 [main] DEBUG nextflow.executor.ExecutorFactory - Extension executors providers=[]
Jan-26 14:25:48.602 [main] DEBUG nextflow.Session - Observer factory: DefaultObserverFactory
Jan-26 14:25:48.646 [main] DEBUG nextflow.cache.CacheFactory - Using Nextflow cache factory: nextflow.cache.DefaultCacheFactory
Jan-26 14:25:48.659 [main] DEBUG nextflow.util.CustomThreadPool - Creating default thread pool > poolSize: 9; maxThreads: 1000
Jan-26 14:25:48.739 [main] DEBUG nextflow.Session - Session start invoked
Jan-26 14:25:49.147 [main] DEBUG nextflow.script.ScriptRunner - > Launching execution
Jan-26 14:25:49.286 [main] DEBUG nextflow.executor.ExecutorFactory - << taskConfig executor: null
Jan-26 14:25:49.287 [main] DEBUG nextflow.executor.ExecutorFactory - >> processorType: 'local'
Jan-26 14:25:49.292 [main] DEBUG nextflow.executor.Executor - [warm up] executor > local
Jan-26 14:25:49.298 [main] DEBUG n.processor.LocalPollingMonitor - Creating local task monitor for executor 'local' > cpus=8; memory=16 GB; capacity=8; pollInterval=100ms; dumpInterval=5m
Jan-26 14:25:49.411 [main] DEBUG nextflow.Session - Workflow process names [dsl2]: check_inputs
Jan-26 14:25:49.411 [main] DEBUG nextflow.Session - Ignite dataflow network (5)
Jan-26 14:25:49.422 [main] DEBUG nextflow.processor.TaskProcessor - Starting process > check_inputs
Jan-26 14:25:49.424 [main] DEBUG nextflow.script.ScriptRunner - > Await termination 
Jan-26 14:25:49.424 [main] DEBUG nextflow.Session - Session await
Jan-26 14:25:49.626 [Task submitter] DEBUG nextflow.executor.LocalTaskHandler - Launch cmd line: /bin/bash -ue .command.run
Jan-26 14:25:49.631 [Task submitter] INFO  nextflow.Session - [00/885a32] Submitted process > check_inputs (1)
Jan-26 14:25:49.711 [Task monitor] DEBUG n.processor.TaskPollingMonitor - Task completed > TaskHandler[id: 1; name: check_inputs (1); status: COMPLETED; exit: 0; error: -; workDir: /Users/timbarry/research_offsite/work/00/885a3238670a117085e6ff09550981]
Jan-26 14:25:49.722 [main] DEBUG nextflow.Session - Session await > all process finished
Jan-26 14:25:49.804 [main] DEBUG nextflow.Session - Session await > all barriers passed
Jan-26 14:25:49.810 [main] DEBUG nextflow.trace.WorkflowStatsObserver - Workflow completed > WorkflowStats[succeededCount=1; failedCount=0; ignoredCount=0; cachedCount=0; pendingCount=0; submittedCount=0; runningCount=0; retriesCount=0; abortedCount=0; succeedDuration=8ms; failedDuration=0ms; cachedDuration=0ms;loadCpus=0; loadMemory=0; peakRunning=1; peakCpus=1; peakMemory=5 GB; ]
Jan-26 14:25:50.015 [main] DEBUG nextflow.cache.CacheDB - Closing CacheDB done
Jan-26 14:25:50.028 [main] DEBUG nextflow.script.ScriptRunner - > Execution complete -- Goodbye
